<?xml version="1.0" encoding="UTF-8"?>
<testng-results ignored="0" total="1" passed="1" failed="0" skipped="0">
  <reporter-output>
  </reporter-output>
  <suite started-at="2023-05-15T12:54:24 BST" name="Default suite" finished-at="2023-05-15T12:54:58 BST" duration-ms="34184">
    <groups>
    </groups>
    <test started-at="2023-05-15T12:54:24 BST" name="Default test" finished-at="2023-05-15T12:54:58 BST" duration-ms="34184">
      <class name="cRMRecruit.CheckAccountCreatedCount">
        <test-method is-config="true" signature="setUp1()[pri:0, instance:cRMRecruit.CheckAccountCreatedCount@2f953efd]" started-at="2023-05-15T12:54:24 BST" name="setUp1" finished-at="2023-05-15T12:54:43 BST" duration-ms="19403" status="PASS">
          <reporter-output>
          </reporter-output>
        </test-method> <!-- setUp1 -->
        <test-method signature="checkAccountCreatedCount()[pri:0, instance:cRMRecruit.CheckAccountCreatedCount@2f953efd]" started-at="2023-05-15T12:54:43 BST" name="checkAccountCreatedCount" finished-at="2023-05-15T12:54:57 BST" duration-ms="14104" status="PASS">
          <reporter-output>
          </reporter-output>
        </test-method> <!-- checkAccountCreatedCount -->
        <test-method is-config="true" signature="screenShot(org.testng.ITestResult)[pri:0, instance:cRMRecruit.CheckAccountCreatedCount@2f953efd]" started-at="2023-05-15T12:54:57 BST" name="screenShot" finished-at="2023-05-15T12:54:58 BST" duration-ms="649" status="PASS">
          <params>
            <param index="0">
              <value>
                <![CDATA[[TestResult name=checkAccountCreatedCount status=SUCCESS method=CheckAccountCreatedCount.checkAccountCreatedCount()[pri:0, instance:cRMRecruit.CheckAccountCreatedCount@2f953efd] output={null}]]]>
              </value>
            </param>
          </params>
          <reporter-output>
          </reporter-output>
        </test-method> <!-- screenShot -->
      </class> <!-- cRMRecruit.CheckAccountCreatedCount -->
    </test> <!-- Default test -->
  </suite> <!-- Default suite -->
</testng-results>
